<?xml version="1.0" encoding="UTF-8"?>
<!-- Generated by org.testng.reporters.JUnitReportReporter -->
<testsuite hostname="dell-vostro3520" failures="0" tests="8" name="Appium.Udemy.AppiumBasics" time="10.599" errors="0" timestamp="2023-11-22T11:53:34 IST" skipped="7">
  <testcase classname="Appium.Udemy.AppiumBasics" name="buttonsAndKeyPress" time="10.599"/>
  <system-out/>
  <testcase classname="Appium.Udemy.AppiumBasics" name="scrollGesture">
    <skipped/>
  </testcase> <!-- scrollGesture -->
  <system-out/>
  <testcase classname="Appium.Udemy.AppiumBasics" name="swipe">
    <skipped/>
  </testcase> <!-- swipe -->
  <system-out/>
  <testcase classname="Appium.Udemy.AppiumBasics" name="getAndSetClipboardText">
    <skipped/>
  </testcase> <!-- getAndSetClipboardText -->
  <system-out/>
  <testcase classname="Appium.Udemy.AppiumBasics" name="dragAndDrop">
    <skipped/>
  </testcase> <!-- dragAndDrop -->
  <system-out/>
  <testcase classname="Appium.Udemy.AppiumBasics" name="rotateScreen">
    <skipped/>
  </testcase> <!-- rotateScreen -->
  <system-out/>
  <testcase classname="Appium.Udemy.AppiumBasics" name="longPressGesture">
    <skipped/>
  </testcase> <!-- longPressGesture -->
  <system-out/>
  <testcase classname="Appium.Udemy.AppiumBasics" name="wifiSetting">
    <skipped/>
  </testcase> <!-- wifiSetting -->
  <system-out/>
</testsuite> <!-- Appium.Udemy.AppiumBasics -->
