<?xml version="1.0" encoding="UTF-8"?>
<!-- Generated by org.testng.reporters.JUnitReportReporter -->
<testsuite hostname="dell-vostro3520" failures="0" tests="4" name="Appium.Udemy.GeneralStore" time="4.297" errors="0" timestamp="2023-11-23T18:15:13 IST" skipped="3">
  <testcase classname="Appium.Udemy.GeneralStore" name="handlingToastMessages" time="4.297"/>
  <system-out/>
  <testcase classname="Appium.Udemy.GeneralStore" name="fillForm">
    <skipped/>
  </testcase> <!-- fillForm -->
  <system-out/>
  <testcase classname="Appium.Udemy.GeneralStore" name="verifyAmountOfProducts">
    <skipped/>
  </testcase> <!-- verifyAmountOfProducts -->
  <system-out/>
  <testcase classname="Appium.Udemy.GeneralStore" name="verifyAddedProductToCart">
    <skipped/>
  </testcase> <!-- verifyAddedProductToCart -->
  <system-out/>
</testsuite> <!-- Appium.Udemy.GeneralStore -->
