<?xml version="1.0" encoding="UTF-8"?>
<!-- Generated by org.testng.reporters.JUnitReportReporter -->
<testsuite hostname="dell-vostro3520" failures="0" tests="2" name="tests.FillForm" time="14.866" errors="0" timestamp="2023-11-23T18:21:42 IST" skipped="0">
  <testcase classname="tests.FillForm" name="toVerifyFillingIncorrectDetails" time="9.917"/>
  <system-out/>
  <testcase classname="tests.FillForm" name="toVerifyFillingCorrectDetails" time="4.949"/>
  <system-out/>
</testsuite> <!-- tests.FillForm -->
