<?xml version="1.0" encoding="UTF-8"?>
<!-- Generated by org.testng.reporters.JUnitReportReporter -->
<testsuite hostname="dell-vostro3520" failures="0" tests="2" name="Appium.Udemy.MobileBrowser" time="1.273" errors="1" timestamp="2023-11-23T12:46:37 IST" skipped="1">
  <testcase classname="Appium.Udemy.MobileBrowser" name="configure" time="1.273">
    <error message="Could not start a new session. Response code 500. Message: An unknown server-side error occurred while processing the command. Original error: Check https://forum.xda-developers.com/t/i-cant-enable-write_secure_settings-for-an-app-over-adb.3855596/ for throubleshooting. Error executing adbExec. Original error: &#039;Command &#039;C:\\Users\\user\\AppData\\Local\\Android\\Sdk\\platform-tools\\adb.exe -P 5037 -s 45e1cee0 shell &#039;settings delete global hidden_api_policy_pre_p_apps;settings delete global hidden_api_policy_p_apps;settings delete global hidden_api_policy&#039;&#039; exited with code 255&#039;; Command output: 
Exception occurred while executing &#039;delete&#039;:
java.lang.SecurityException: Permission denial: writing to settings requires:android.permission.WRITE_SECURE_SETTINGS
	at com.android.providers.settings.SettingsProvider.enforceWritePermission(SettingsProvider.java:2562)
	at com.android.providers.settings.SettingsProvider.mutateGlobalSetting(SettingsProvider.java:1562)
	at com.android.providers.settings.SettingsProvider.mutateGlobalSetting(SettingsProvider.java:1554)
	at com.android.providers.settings.SettingsProvider.deleteGlobalSetting(SettingsProvider.java:1525)
	at com.android.providers.settings.SettingsProvider.call(SettingsProvider.java:568)
	at android.content.ContentProvider.call(ContentProvider.java:2511)
	at android.content.ContentProvider$Transport.call(ContentProvider.java:525)
	at com.android.providers.settings.SettingsService$MyShellCommand.deleteForUser(SettingsService.java:410)
	at com.android.providers.settings.SettingsService$MyShellCommand.onCommand(SettingsService.java:284)
	at com.android.modules.utils.BasicShellCommandHandler.exec(BasicShellCommandHandler.java:97)
	at android.os.ShellCommand.exec(ShellCommand.java:38)
	at com.android.providers.settings.SettingsService.onShellCommand(SettingsService.java:51)
	at android.os.Binder.shellCommand(Binder.java:1073)
	at android.os.Binder.onTransact(Binder.java:901)
	at android.os.Binder.execTransactInternal(Binder.java:1331)
	at android.os.Binder.execTransact(Binder.java:1268)

Exception occurred while executing &#039;delete&#039;:
java.lang.SecurityException: Permission denial: writing to settings requires:android.permission.WRITE_SECURE_SETTINGS
	at com.android.providers.settings.SettingsProvider.enforceWritePermission(SettingsProvider.java:2562)
	at com.android.providers.settings.SettingsProvider.mutateGlobalSetting(SettingsProvider.java:1562)
	at com.android.providers.settings.SettingsProvider.mutateGlobalSetting(SettingsProvider.java:1554)
	at com.android.providers.settings.SettingsProvider.deleteGlobalSetting(SettingsProvider.java:1525)
	at com.android.providers.settings.SettingsProvider.call(SettingsProvider.java:568)
	at android.content.ContentProvider.call(ContentProvider.java:2511)
	at android.content.ContentProvider$Transport.call(ContentProvider.java:525)
	at com.android.providers.settings.SettingsService$MyShellCommand.deleteForUser(SettingsService.java:410)
	at com.android.providers.settings.SettingsService$MyShellCommand.onCommand(SettingsService.java:284)
	at com.android.modules.utils.BasicShellCommandHandler.exec(BasicShellCommandHandler.java:97)
	at android.os.ShellCommand.exec(ShellCommand.java:38)
	at com.android.providers.settings.SettingsService.onShellCommand(SettingsService.java:51)
	at android.os.Binder.shellCommand(Binder.java:1073)
	at android.os.Binder.onTransact(Binder.java:901)
	at android.os.Binder.execTransactInternal(Binder.java:1331)
	at android.os.Binder.execTransact(Binder.java:1268)

Exception occurred while executing &#039;delete&#039;:
java.lang.SecurityException: Permission denial: writing to settings requires:android.permission.WRITE_SECURE_SETTINGS
	at com.android.providers.settings.SettingsProvider.enforceWritePermission(SettingsProvider.java:2562)
	at com.android.providers.settings.SettingsProvider.mutateGlobalSetting(SettingsProvider.java:1562)
	at com.android.providers.settings.SettingsProvider.mutateGlobalSetting(SettingsProvider.java:1554)
	at com.android.providers.settings.SettingsProvider.deleteGlobalSetting(SettingsProvider.java:1525)
	at com.android.providers.settings.SettingsProvider.call(SettingsProvider.java:568)
	at android.content.ContentProvider.call(ContentProvider.java:2511)
	at android.content.ContentProvider$Transport.call(ContentProvider.java:525)
	at com.android.providers.settings.SettingsService$MyShellCommand.deleteForUser(SettingsService.java:410)
	at com.android.providers.settings.SettingsService$MyShellCommand.onCommand(SettingsService.java:284)
	at com.android.modules.utils.BasicShellCommandHandler.exec(BasicShellCommandHandler.java:97)
	at android.os.ShellCommand.exec(ShellCommand.java:38)
	at com.android.providers.settings.SettingsService.onShellCommand(SettingsService.java:51)
	at android.os.Binder.shellCommand(Binder.java:1073)
	at android.os.Binder.onTransact(Binder.java:901)
	at android.os.Binder.execTransactInternal(Binder.java:1331)
	at android.os.Binder.execTransact(Binder.java:1268)
 
Host info: host: &#039;DELL-VOSTRO3520&#039;, ip: &#039;10.10.1.165&#039;
Build info: version: &#039;4.15.0&#039;, revision: &#039;1d14b5521b&#039;
System info: os.name: &#039;Windows 11&#039;, os.arch: &#039;amd64&#039;, os.version: &#039;10.0&#039;, java.version: &#039;17.0.9&#039;
Driver info: io.appium.java_client.android.AndroidDriver
Command: [null, newSession {capabilities=[{browserName=Chrome, appium:chromedriverExecutable=C:\Users\user\eclipse-workspace\Udemy\src\test\java\resources\chromedriver.exe, appium:deviceName=Android Device, platformName=ANDROID, appium:automationName=UIAutomator2}], desiredCapabilities=Capabilities {appium:automationName: UIAutomator2, appium:chromedriverExecutable: C:\Users\user\eclipse-works..., appium:deviceName: Android Device, browserName: Chrome, platformName: ANDROID}}]
Capabilities {appium:automationName: UIAutomator2, appium:chromedriverExecutable: C:\Users\user\eclipse-works..., appium:deviceName: Android Device, browserName: Chrome, platformName: ANDROID}" type="org.openqa.selenium.SessionNotCreatedException">
      <![CDATA[org.openqa.selenium.SessionNotCreatedException: Could not start a new session. Response code 500. Message: An unknown server-side error occurred while processing the command. Original error: Check https://forum.xda-developers.com/t/i-cant-enable-write_secure_settings-for-an-app-over-adb.3855596/ for throubleshooting. Error executing adbExec. Original error: 'Command 'C:\\Users\\user\\AppData\\Local\\Android\\Sdk\\platform-tools\\adb.exe -P 5037 -s 45e1cee0 shell 'settings delete global hidden_api_policy_pre_p_apps;settings delete global hidden_api_policy_p_apps;settings delete global hidden_api_policy'' exited with code 255'; Command output: 
Exception occurred while executing 'delete':
java.lang.SecurityException: Permission denial: writing to settings requires:android.permission.WRITE_SECURE_SETTINGS
at com.android.providers.settings.SettingsProvider.enforceWritePermission(SettingsProvider.java:2562)
at com.android.providers.settings.SettingsProvider.mutateGlobalSetting(SettingsProvider.java:1562)
at com.android.providers.settings.SettingsProvider.mutateGlobalSetting(SettingsProvider.java:1554)
at com.android.providers.settings.SettingsProvider.deleteGlobalSetting(SettingsProvider.java:1525)
at com.android.providers.settings.SettingsProvider.call(SettingsProvider.java:568)
at android.content.ContentProvider.call(ContentProvider.java:2511)
at android.content.ContentProvider$Transport.call(ContentProvider.java:525)
at com.android.providers.settings.SettingsService$MyShellCommand.deleteForUser(SettingsService.java:410)
at com.android.providers.settings.SettingsService$MyShellCommand.onCommand(SettingsService.java:284)
at com.android.modules.utils.BasicShellCommandHandler.exec(BasicShellCommandHandler.java:97)
at android.os.ShellCommand.exec(ShellCommand.java:38)
at com.android.providers.settings.SettingsService.onShellCommand(SettingsService.java:51)
at android.os.Binder.shellCommand(Binder.java:1073)
at android.os.Binder.onTransact(Binder.java:901)
at android.os.Binder.execTransactInternal(Binder.java:1331)
at android.os.Binder.execTransact(Binder.java:1268)

Exception occurred while executing 'delete':
java.lang.SecurityException: Permission denial: writing to settings requires:android.permission.WRITE_SECURE_SETTINGS
at com.android.providers.settings.SettingsProvider.enforceWritePermission(SettingsProvider.java:2562)
at com.android.providers.settings.SettingsProvider.mutateGlobalSetting(SettingsProvider.java:1562)
at com.android.providers.settings.SettingsProvider.mutateGlobalSetting(SettingsProvider.java:1554)
at com.android.providers.settings.SettingsProvider.deleteGlobalSetting(SettingsProvider.java:1525)
at com.android.providers.settings.SettingsProvider.call(SettingsProvider.java:568)
at android.content.ContentProvider.call(ContentProvider.java:2511)
at android.content.ContentProvider$Transport.call(ContentProvider.java:525)
at com.android.providers.settings.SettingsService$MyShellCommand.deleteForUser(SettingsService.java:410)
at com.android.providers.settings.SettingsService$MyShellCommand.onCommand(SettingsService.java:284)
at com.android.modules.utils.BasicShellCommandHandler.exec(BasicShellCommandHandler.java:97)
at android.os.ShellCommand.exec(ShellCommand.java:38)
at com.android.providers.settings.SettingsService.onShellCommand(SettingsService.java:51)
at android.os.Binder.shellCommand(Binder.java:1073)
at android.os.Binder.onTransact(Binder.java:901)
at android.os.Binder.execTransactInternal(Binder.java:1331)
at android.os.Binder.execTransact(Binder.java:1268)

Exception occurred while executing 'delete':
java.lang.SecurityException: Permission denial: writing to settings requires:android.permission.WRITE_SECURE_SETTINGS
at com.android.providers.settings.SettingsProvider.enforceWritePermission(SettingsProvider.java:2562)
at com.android.providers.settings.SettingsProvider.mutateGlobalSetting(SettingsProvider.java:1562)
at com.android.providers.settings.SettingsProvider.mutateGlobalSetting(SettingsProvider.java:1554)
at com.android.providers.settings.SettingsProvider.deleteGlobalSetting(SettingsProvider.java:1525)
at com.android.providers.settings.SettingsProvider.call(SettingsProvider.java:568)
at android.content.ContentProvider.call(ContentProvider.java:2511)
at android.content.ContentProvider$Transport.call(ContentProvider.java:525)
at com.android.providers.settings.SettingsService$MyShellCommand.deleteForUser(SettingsService.java:410)
at com.android.providers.settings.SettingsService$MyShellCommand.onCommand(SettingsService.java:284)
at com.android.modules.utils.BasicShellCommandHandler.exec(BasicShellCommandHandler.java:97)
at android.os.ShellCommand.exec(ShellCommand.java:38)
at com.android.providers.settings.SettingsService.onShellCommand(SettingsService.java:51)
at android.os.Binder.shellCommand(Binder.java:1073)
at android.os.Binder.onTransact(Binder.java:901)
at android.os.Binder.execTransactInternal(Binder.java:1331)
at android.os.Binder.execTransact(Binder.java:1268)
 
Host info: host: 'DELL-VOSTRO3520', ip: '10.10.1.165'
Build info: version: '4.15.0', revision: '1d14b5521b'
System info: os.name: 'Windows 11', os.arch: 'amd64', os.version: '10.0', java.version: '17.0.9'
Driver info: io.appium.java_client.android.AndroidDriver
Command: [null, newSession {capabilities=[{browserName=Chrome, appium:chromedriverExecutable=C:\Users\user\eclipse-workspace\Udemy\src\test\java\resources\chromedriver.exe, appium:deviceName=Android Device, platformName=ANDROID, appium:automationName=UIAutomator2}], desiredCapabilities=Capabilities {appium:automationName: UIAutomator2, appium:chromedriverExecutable: C:\Users\user\eclipse-works..., appium:deviceName: Android Device, browserName: Chrome, platformName: ANDROID}}]
Capabilities {appium:automationName: UIAutomator2, appium:chromedriverExecutable: C:\Users\user\eclipse-works..., appium:deviceName: Android Device, browserName: Chrome, platformName: ANDROID}
at org.openqa.selenium.remote.ProtocolHandshake.createSession(ProtocolHandshake.java:140)
at java.base/jdk.internal.reflect.NativeMethodAccessorImpl.invoke0(Native Method)
at java.base/jdk.internal.reflect.NativeMethodAccessorImpl.invoke(NativeMethodAccessorImpl.java:77)
at java.base/jdk.internal.reflect.DelegatingMethodAccessorImpl.invoke(DelegatingMethodAccessorImpl.java:43)
at java.base/java.lang.reflect.Method.invoke(Method.java:568)
at io.appium.java_client.remote.AppiumProtocolHandshake.createSession(AppiumProtocolHandshake.java:133)
at io.appium.java_client.remote.AppiumProtocolHandshake.createSession(AppiumProtocolHandshake.java:102)
at io.appium.java_client.remote.AppiumCommandExecutor.createSession(AppiumCommandExecutor.java:177)
at io.appium.java_client.remote.AppiumCommandExecutor.execute(AppiumCommandExecutor.java:238)
at org.openqa.selenium.remote.RemoteWebDriver.execute(RemoteWebDriver.java:607)
at io.appium.java_client.AppiumDriver.startSession(AppiumDriver.java:268)
at org.openqa.selenium.remote.RemoteWebDriver.<init>(RemoteWebDriver.java:168)
at io.appium.java_client.AppiumDriver.<init>(AppiumDriver.java:90)
at io.appium.java_client.AppiumDriver.<init>(AppiumDriver.java:102)
at io.appium.java_client.android.AndroidDriver.<init>(AndroidDriver.java:109)
at Appium.Udemy.BaseTest.configure(BaseTest.java:51)
at java.base/jdk.internal.reflect.NativeMethodAccessorImpl.invoke0(Native Method)
at java.base/jdk.internal.reflect.NativeMethodAccessorImpl.invoke(NativeMethodAccessorImpl.java:77)
at java.base/jdk.internal.reflect.DelegatingMethodAccessorImpl.invoke(DelegatingMethodAccessorImpl.java:43)
at java.base/java.lang.reflect.Method.invoke(Method.java:568)
at org.testng.internal.MethodInvocationHelper.invokeMethod(MethodInvocationHelper.java:133)
at org.testng.internal.MethodInvocationHelper.invokeMethodConsideringTimeout(MethodInvocationHelper.java:62)
at org.testng.internal.ConfigInvoker.invokeConfigurationMethod(ConfigInvoker.java:385)
at org.testng.internal.ConfigInvoker.invokeConfigurations(ConfigInvoker.java:321)
at org.testng.internal.TestMethodWorker.invokeBeforeClassMethods(TestMethodWorker.java:176)
at org.testng.internal.TestMethodWorker.run(TestMethodWorker.java:122)
at java.base/java.util.ArrayList.forEach(ArrayList.java:1511)
at org.testng.TestRunner.privateRun(TestRunner.java:794)
at org.testng.TestRunner.run(TestRunner.java:596)
at org.testng.SuiteRunner.runTest(SuiteRunner.java:377)
at org.testng.SuiteRunner.runSequentially(SuiteRunner.java:371)
at org.testng.SuiteRunner.privateRun(SuiteRunner.java:332)
at org.testng.SuiteRunner.run(SuiteRunner.java:276)
at org.testng.SuiteRunnerWorker.runSuite(SuiteRunnerWorker.java:53)
at org.testng.SuiteRunnerWorker.run(SuiteRunnerWorker.java:96)
at org.testng.TestNG.runSuitesSequentially(TestNG.java:1212)
at org.testng.TestNG.runSuitesLocally(TestNG.java:1134)
at org.testng.TestNG.runSuites(TestNG.java:1063)
at org.testng.TestNG.run(TestNG.java:1031)
at org.testng.remote.AbstractRemoteTestNG.run(AbstractRemoteTestNG.java:115)
at org.testng.remote.RemoteTestNG.initAndRun(RemoteTestNG.java:251)
at org.testng.remote.RemoteTestNG.main(RemoteTestNG.java:77)
]]>
    </error>
  </testcase> <!-- configure -->
  <system-out/>
  <testcase classname="Appium.Udemy.MobileBrowser" name="browserTest" time="0.000">
    <skipped/>
  </testcase> <!-- browserTest -->
  <system-out/>
</testsuite> <!-- Appium.Udemy.MobileBrowser -->
