<?xml version="1.0" encoding="UTF-8"?>
<!-- Generated by org.testng.reporters.JUnitReportReporter -->
<testsuite hostname="dell-vostro3520" failures="0" tests="1" name="tests.OrderFlow" time="11.887" errors="0" timestamp="2023-11-30T11:41:44 IST" skipped="0">
  <testcase classname="tests.OrderFlow" name="toVerifyFillingIncorrectDetails" time="11.887"/>
</testsuite> <!-- tests.OrderFlow -->
